<?xml version="1.0" encoding="UTF-8"?>
<testsuite xmlns:xsi="http://www.w3.org/2001/XMLSchema-instance" xsi:noNamespaceSchemaLocation="https://maven.apache.org/surefire/maven-surefire-plugin/xsd/surefire-test-report.xsd" name="com.itheima.controller.RedisDemoApplicationTests" time="3.494" tests="1" errors="1" skipped="0" failures="0">
  <properties>
    <property name="java.specification.version" value="19"/>
    <property name="sun.cpu.isalist" value="amd64"/>
    <property name="sun.jnu.encoding" value="GBK"/>
    <property name="java.class.path" value="D:\code\java\helloworld-demo\target\test-classes;D:\code\java\helloworld-demo\target\classes;D:\code\apache-maven-3.6.1\mvn_resp\org\springframework\boot\spring-boot-starter-web\2.3.9.RELEASE\spring-boot-starter-web-2.3.9.RELEASE.jar;D:\code\apache-maven-3.6.1\mvn_resp\org\springframework\boot\spring-boot-starter\2.3.9.RELEASE\spring-boot-starter-2.3.9.RELEASE.jar;D:\code\apache-maven-3.6.1\mvn_resp\org\springframework\boot\spring-boot\2.3.9.RELEASE\spring-boot-2.3.9.RELEASE.jar;D:\code\apache-maven-3.6.1\mvn_resp\org\springframework\boot\spring-boot-autoconfigure\2.3.9.RELEASE\spring-boot-autoconfigure-2.3.9.RELEASE.jar;D:\code\apache-maven-3.6.1\mvn_resp\org\springframework\boot\spring-boot-starter-logging\2.3.9.RELEASE\spring-boot-starter-logging-2.3.9.RELEASE.jar;D:\code\apache-maven-3.6.1\mvn_resp\ch\qos\logback\logback-classic\1.2.3\logback-classic-1.2.3.jar;D:\code\apache-maven-3.6.1\mvn_resp\ch\qos\logback\logback-core\1.2.3\logback-core-1.2.3.jar;D:\code\apache-maven-3.6.1\mvn_resp\org\apache\logging\log4j\log4j-to-slf4j\2.13.3\log4j-to-slf4j-2.13.3.jar;D:\code\apache-maven-3.6.1\mvn_resp\org\apache\logging\log4j\log4j-api\2.13.3\log4j-api-2.13.3.jar;D:\code\apache-maven-3.6.1\mvn_resp\org\slf4j\jul-to-slf4j\1.7.30\jul-to-slf4j-1.7.30.jar;D:\code\apache-maven-3.6.1\mvn_resp\jakarta\annotation\jakarta.annotation-api\1.3.5\jakarta.annotation-api-1.3.5.jar;D:\code\apache-maven-3.6.1\mvn_resp\org\yaml\snakeyaml\1.26\snakeyaml-1.26.jar;D:\code\apache-maven-3.6.1\mvn_resp\org\springframework\boot\spring-boot-starter-json\2.3.9.RELEASE\spring-boot-starter-json-2.3.9.RELEASE.jar;D:\code\apache-maven-3.6.1\mvn_resp\com\fasterxml\jackson\core\jackson-databind\2.11.4\jackson-databind-2.11.4.jar;D:\code\apache-maven-3.6.1\mvn_resp\com\fasterxml\jackson\core\jackson-annotations\2.11.4\jackson-annotations-2.11.4.jar;D:\code\apache-maven-3.6.1\mvn_resp\com\fasterxml\jackson\core\jackson-core\2.11.4\jackson-core-2.11.4.jar;D:\code\apache-maven-3.6.1\mvn_resp\com\fasterxml\jackson\datatype\jackson-datatype-jdk8\2.11.4\jackson-datatype-jdk8-2.11.4.jar;D:\code\apache-maven-3.6.1\mvn_resp\com\fasterxml\jackson\datatype\jackson-datatype-jsr310\2.11.4\jackson-datatype-jsr310-2.11.4.jar;D:\code\apache-maven-3.6.1\mvn_resp\com\fasterxml\jackson\module\jackson-module-parameter-names\2.11.4\jackson-module-parameter-names-2.11.4.jar;D:\code\apache-maven-3.6.1\mvn_resp\org\springframework\boot\spring-boot-starter-tomcat\2.3.9.RELEASE\spring-boot-starter-tomcat-2.3.9.RELEASE.jar;D:\code\apache-maven-3.6.1\mvn_resp\org\apache\tomcat\embed\tomcat-embed-core\9.0.43\tomcat-embed-core-9.0.43.jar;D:\code\apache-maven-3.6.1\mvn_resp\org\glassfish\jakarta.el\3.0.3\jakarta.el-3.0.3.jar;D:\code\apache-maven-3.6.1\mvn_resp\org\apache\tomcat\embed\tomcat-embed-websocket\9.0.43\tomcat-embed-websocket-9.0.43.jar;D:\code\apache-maven-3.6.1\mvn_resp\org\springframework\spring-web\5.2.13.RELEASE\spring-web-5.2.13.RELEASE.jar;D:\code\apache-maven-3.6.1\mvn_resp\org\springframework\spring-beans\5.2.13.RELEASE\spring-beans-5.2.13.RELEASE.jar;D:\code\apache-maven-3.6.1\mvn_resp\org\springframework\spring-webmvc\5.2.13.RELEASE\spring-webmvc-5.2.13.RELEASE.jar;D:\code\apache-maven-3.6.1\mvn_resp\org\springframework\spring-aop\5.2.13.RELEASE\spring-aop-5.2.13.RELEASE.jar;D:\code\apache-maven-3.6.1\mvn_resp\org\springframework\spring-context\5.2.13.RELEASE\spring-context-5.2.13.RELEASE.jar;D:\code\apache-maven-3.6.1\mvn_resp\org\springframework\spring-expression\5.2.13.RELEASE\spring-expression-5.2.13.RELEASE.jar;D:\code\apache-maven-3.6.1\mvn_resp\org\springframework\boot\spring-boot-starter-data-redis\2.3.9.RELEASE\spring-boot-starter-data-redis-2.3.9.RELEASE.jar;D:\code\apache-maven-3.6.1\mvn_resp\org\springframework\data\spring-data-redis\2.3.7.RELEASE\spring-data-redis-2.3.7.RELEASE.jar;D:\code\apache-maven-3.6.1\mvn_resp\org\springframework\data\spring-data-keyvalue\2.3.7.RELEASE\spring-data-keyvalue-2.3.7.RELEASE.jar;D:\code\apache-maven-3.6.1\mvn_resp\org\springframework\data\spring-data-commons\2.3.7.RELEASE\spring-data-commons-2.3.7.RELEASE.jar;D:\code\apache-maven-3.6.1\mvn_resp\org\springframework\spring-tx\5.2.13.RELEASE\spring-tx-5.2.13.RELEASE.jar;D:\code\apache-maven-3.6.1\mvn_resp\org\springframework\spring-oxm\5.2.13.RELEASE\spring-oxm-5.2.13.RELEASE.jar;D:\code\apache-maven-3.6.1\mvn_resp\org\springframework\spring-context-support\5.2.13.RELEASE\spring-context-support-5.2.13.RELEASE.jar;D:\code\apache-maven-3.6.1\mvn_resp\org\slf4j\slf4j-api\1.7.30\slf4j-api-1.7.30.jar;D:\code\apache-maven-3.6.1\mvn_resp\io\lettuce\lettuce-core\5.3.6.RELEASE\lettuce-core-5.3.6.RELEASE.jar;D:\code\apache-maven-3.6.1\mvn_resp\io\netty\netty-common\4.1.59.Final\netty-common-4.1.59.Final.jar;D:\code\apache-maven-3.6.1\mvn_resp\io\netty\netty-handler\4.1.59.Final\netty-handler-4.1.59.Final.jar;D:\code\apache-maven-3.6.1\mvn_resp\io\netty\netty-resolver\4.1.59.Final\netty-resolver-4.1.59.Final.jar;D:\code\apache-maven-3.6.1\mvn_resp\io\netty\netty-buffer\4.1.59.Final\netty-buffer-4.1.59.Final.jar;D:\code\apache-maven-3.6.1\mvn_resp\io\netty\netty-codec\4.1.59.Final\netty-codec-4.1.59.Final.jar;D:\code\apache-maven-3.6.1\mvn_resp\io\netty\netty-transport\4.1.59.Final\netty-transport-4.1.59.Final.jar;D:\code\apache-maven-3.6.1\mvn_resp\io\projectreactor\reactor-core\3.3.14.RELEASE\reactor-core-3.3.14.RELEASE.jar;D:\code\apache-maven-3.6.1\mvn_resp\org\reactivestreams\reactive-streams\1.0.3\reactive-streams-1.0.3.jar;D:\code\apache-maven-3.6.1\mvn_resp\org\projectlombok\lombok\1.18.20\lombok-1.18.20.jar;D:\code\apache-maven-3.6.1\mvn_resp\org\springframework\boot\spring-boot-starter-test\2.3.9.RELEASE\spring-boot-starter-test-2.3.9.RELEASE.jar;D:\code\apache-maven-3.6.1\mvn_resp\org\springframework\boot\spring-boot-test\2.3.9.RELEASE\spring-boot-test-2.3.9.RELEASE.jar;D:\code\apache-maven-3.6.1\mvn_resp\org\springframework\boot\spring-boot-test-autoconfigure\2.3.9.RELEASE\spring-boot-test-autoconfigure-2.3.9.RELEASE.jar;D:\code\apache-maven-3.6.1\mvn_resp\com\jayway\jsonpath\json-path\2.4.0\json-path-2.4.0.jar;D:\code\apache-maven-3.6.1\mvn_resp\net\minidev\json-smart\2.3\json-smart-2.3.jar;D:\code\apache-maven-3.6.1\mvn_resp\net\minidev\accessors-smart\1.2\accessors-smart-1.2.jar;D:\code\apache-maven-3.6.1\mvn_resp\org\ow2\asm\asm\5.0.4\asm-5.0.4.jar;D:\code\apache-maven-3.6.1\mvn_resp\jakarta\xml\bind\jakarta.xml.bind-api\2.3.3\jakarta.xml.bind-api-2.3.3.jar;D:\code\apache-maven-3.6.1\mvn_resp\jakarta\activation\jakarta.activation-api\1.2.2\jakarta.activation-api-1.2.2.jar;D:\code\apache-maven-3.6.1\mvn_resp\org\assertj\assertj-core\3.16.1\assertj-core-3.16.1.jar;D:\code\apache-maven-3.6.1\mvn_resp\org\hamcrest\hamcrest\2.2\hamcrest-2.2.jar;D:\code\apache-maven-3.6.1\mvn_resp\org\junit\jupiter\junit-jupiter\5.6.3\junit-jupiter-5.6.3.jar;D:\code\apache-maven-3.6.1\mvn_resp\org\junit\jupiter\junit-jupiter-api\5.6.3\junit-jupiter-api-5.6.3.jar;D:\code\apache-maven-3.6.1\mvn_resp\org\apiguardian\apiguardian-api\1.1.0\apiguardian-api-1.1.0.jar;D:\code\apache-maven-3.6.1\mvn_resp\org\opentest4j\opentest4j\1.2.0\opentest4j-1.2.0.jar;D:\code\apache-maven-3.6.1\mvn_resp\org\junit\platform\junit-platform-commons\1.6.3\junit-platform-commons-1.6.3.jar;D:\code\apache-maven-3.6.1\mvn_resp\org\junit\jupiter\junit-jupiter-params\5.6.3\junit-jupiter-params-5.6.3.jar;D:\code\apache-maven-3.6.1\mvn_resp\org\junit\jupiter\junit-jupiter-engine\5.6.3\junit-jupiter-engine-5.6.3.jar;D:\code\apache-maven-3.6.1\mvn_resp\org\junit\platform\junit-platform-engine\1.6.3\junit-platform-engine-1.6.3.jar;D:\code\apache-maven-3.6.1\mvn_resp\org\mockito\mockito-core\3.3.3\mockito-core-3.3.3.jar;D:\code\apache-maven-3.6.1\mvn_resp\net\bytebuddy\byte-buddy\1.10.20\byte-buddy-1.10.20.jar;D:\code\apache-maven-3.6.1\mvn_resp\net\bytebuddy\byte-buddy-agent\1.10.20\byte-buddy-agent-1.10.20.jar;D:\code\apache-maven-3.6.1\mvn_resp\org\objenesis\objenesis\2.6\objenesis-2.6.jar;D:\code\apache-maven-3.6.1\mvn_resp\org\mockito\mockito-junit-jupiter\3.3.3\mockito-junit-jupiter-3.3.3.jar;D:\code\apache-maven-3.6.1\mvn_resp\org\skyscreamer\jsonassert\1.5.0\jsonassert-1.5.0.jar;D:\code\apache-maven-3.6.1\mvn_resp\com\vaadin\external\google\android-json\0.0.20131108.vaadin1\android-json-0.0.20131108.vaadin1.jar;D:\code\apache-maven-3.6.1\mvn_resp\org\springframework\spring-core\5.2.13.RELEASE\spring-core-5.2.13.RELEASE.jar;D:\code\apache-maven-3.6.1\mvn_resp\org\springframework\spring-jcl\5.2.13.RELEASE\spring-jcl-5.2.13.RELEASE.jar;D:\code\apache-maven-3.6.1\mvn_resp\org\springframework\spring-test\5.2.13.RELEASE\spring-test-5.2.13.RELEASE.jar;D:\code\apache-maven-3.6.1\mvn_resp\org\xmlunit\xmlunit-core\2.7.0\xmlunit-core-2.7.0.jar;"/>
    <property name="java.vm.vendor" value="Oracle Corporation"/>
    <property name="sun.arch.data.model" value="64"/>
    <property name="user.variant" value=""/>
    <property name="java.vendor.url" value="https://java.oracle.com/"/>
    <property name="user.timezone" value="Asia/Shanghai"/>
    <property name="os.name" value="Windows 10"/>
    <property name="java.vm.specification.version" value="19"/>
    <property name="sun.java.launcher" value="SUN_STANDARD"/>
    <property name="user.country" value="CN"/>
    <property name="sun.boot.library.path" value="C:\Users\zhuozhuo\.jdks\openjdk-19.0.2\bin"/>
    <property name="sun.java.command" value="C:\Users\zhuozhuo\AppData\Local\Temp\surefire14756101457911348325\surefirebooter4901999004497420355.jar C:\Users\zhuozhuo\AppData\Local\Temp\surefire14756101457911348325 2023-03-22T15-29-31_713-jvmRun1 surefire8545700760014748683tmp surefire_06330853791866685908tmp"/>
    <property name="jdk.debug" value="release"/>
    <property name="surefire.test.class.path" value="D:\code\java\helloworld-demo\target\test-classes;D:\code\java\helloworld-demo\target\classes;D:\code\apache-maven-3.6.1\mvn_resp\org\springframework\boot\spring-boot-starter-web\2.3.9.RELEASE\spring-boot-starter-web-2.3.9.RELEASE.jar;D:\code\apache-maven-3.6.1\mvn_resp\org\springframework\boot\spring-boot-starter\2.3.9.RELEASE\spring-boot-starter-2.3.9.RELEASE.jar;D:\code\apache-maven-3.6.1\mvn_resp\org\springframework\boot\spring-boot\2.3.9.RELEASE\spring-boot-2.3.9.RELEASE.jar;D:\code\apache-maven-3.6.1\mvn_resp\org\springframework\boot\spring-boot-autoconfigure\2.3.9.RELEASE\spring-boot-autoconfigure-2.3.9.RELEASE.jar;D:\code\apache-maven-3.6.1\mvn_resp\org\springframework\boot\spring-boot-starter-logging\2.3.9.RELEASE\spring-boot-starter-logging-2.3.9.RELEASE.jar;D:\code\apache-maven-3.6.1\mvn_resp\ch\qos\logback\logback-classic\1.2.3\logback-classic-1.2.3.jar;D:\code\apache-maven-3.6.1\mvn_resp\ch\qos\logback\logback-core\1.2.3\logback-core-1.2.3.jar;D:\code\apache-maven-3.6.1\mvn_resp\org\apache\logging\log4j\log4j-to-slf4j\2.13.3\log4j-to-slf4j-2.13.3.jar;D:\code\apache-maven-3.6.1\mvn_resp\org\apache\logging\log4j\log4j-api\2.13.3\log4j-api-2.13.3.jar;D:\code\apache-maven-3.6.1\mvn_resp\org\slf4j\jul-to-slf4j\1.7.30\jul-to-slf4j-1.7.30.jar;D:\code\apache-maven-3.6.1\mvn_resp\jakarta\annotation\jakarta.annotation-api\1.3.5\jakarta.annotation-api-1.3.5.jar;D:\code\apache-maven-3.6.1\mvn_resp\org\yaml\snakeyaml\1.26\snakeyaml-1.26.jar;D:\code\apache-maven-3.6.1\mvn_resp\org\springframework\boot\spring-boot-starter-json\2.3.9.RELEASE\spring-boot-starter-json-2.3.9.RELEASE.jar;D:\code\apache-maven-3.6.1\mvn_resp\com\fasterxml\jackson\core\jackson-databind\2.11.4\jackson-databind-2.11.4.jar;D:\code\apache-maven-3.6.1\mvn_resp\com\fasterxml\jackson\core\jackson-annotations\2.11.4\jackson-annotations-2.11.4.jar;D:\code\apache-maven-3.6.1\mvn_resp\com\fasterxml\jackson\core\jackson-core\2.11.4\jackson-core-2.11.4.jar;D:\code\apache-maven-3.6.1\mvn_resp\com\fasterxml\jackson\datatype\jackson-datatype-jdk8\2.11.4\jackson-datatype-jdk8-2.11.4.jar;D:\code\apache-maven-3.6.1\mvn_resp\com\fasterxml\jackson\datatype\jackson-datatype-jsr310\2.11.4\jackson-datatype-jsr310-2.11.4.jar;D:\code\apache-maven-3.6.1\mvn_resp\com\fasterxml\jackson\module\jackson-module-parameter-names\2.11.4\jackson-module-parameter-names-2.11.4.jar;D:\code\apache-maven-3.6.1\mvn_resp\org\springframework\boot\spring-boot-starter-tomcat\2.3.9.RELEASE\spring-boot-starter-tomcat-2.3.9.RELEASE.jar;D:\code\apache-maven-3.6.1\mvn_resp\org\apache\tomcat\embed\tomcat-embed-core\9.0.43\tomcat-embed-core-9.0.43.jar;D:\code\apache-maven-3.6.1\mvn_resp\org\glassfish\jakarta.el\3.0.3\jakarta.el-3.0.3.jar;D:\code\apache-maven-3.6.1\mvn_resp\org\apache\tomcat\embed\tomcat-embed-websocket\9.0.43\tomcat-embed-websocket-9.0.43.jar;D:\code\apache-maven-3.6.1\mvn_resp\org\springframework\spring-web\5.2.13.RELEASE\spring-web-5.2.13.RELEASE.jar;D:\code\apache-maven-3.6.1\mvn_resp\org\springframework\spring-beans\5.2.13.RELEASE\spring-beans-5.2.13.RELEASE.jar;D:\code\apache-maven-3.6.1\mvn_resp\org\springframework\spring-webmvc\5.2.13.RELEASE\spring-webmvc-5.2.13.RELEASE.jar;D:\code\apache-maven-3.6.1\mvn_resp\org\springframework\spring-aop\5.2.13.RELEASE\spring-aop-5.2.13.RELEASE.jar;D:\code\apache-maven-3.6.1\mvn_resp\org\springframework\spring-context\5.2.13.RELEASE\spring-context-5.2.13.RELEASE.jar;D:\code\apache-maven-3.6.1\mvn_resp\org\springframework\spring-expression\5.2.13.RELEASE\spring-expression-5.2.13.RELEASE.jar;D:\code\apache-maven-3.6.1\mvn_resp\org\springframework\boot\spring-boot-starter-data-redis\2.3.9.RELEASE\spring-boot-starter-data-redis-2.3.9.RELEASE.jar;D:\code\apache-maven-3.6.1\mvn_resp\org\springframework\data\spring-data-redis\2.3.7.RELEASE\spring-data-redis-2.3.7.RELEASE.jar;D:\code\apache-maven-3.6.1\mvn_resp\org\springframework\data\spring-data-keyvalue\2.3.7.RELEASE\spring-data-keyvalue-2.3.7.RELEASE.jar;D:\code\apache-maven-3.6.1\mvn_resp\org\springframework\data\spring-data-commons\2.3.7.RELEASE\spring-data-commons-2.3.7.RELEASE.jar;D:\code\apache-maven-3.6.1\mvn_resp\org\springframework\spring-tx\5.2.13.RELEASE\spring-tx-5.2.13.RELEASE.jar;D:\code\apache-maven-3.6.1\mvn_resp\org\springframework\spring-oxm\5.2.13.RELEASE\spring-oxm-5.2.13.RELEASE.jar;D:\code\apache-maven-3.6.1\mvn_resp\org\springframework\spring-context-support\5.2.13.RELEASE\spring-context-support-5.2.13.RELEASE.jar;D:\code\apache-maven-3.6.1\mvn_resp\org\slf4j\slf4j-api\1.7.30\slf4j-api-1.7.30.jar;D:\code\apache-maven-3.6.1\mvn_resp\io\lettuce\lettuce-core\5.3.6.RELEASE\lettuce-core-5.3.6.RELEASE.jar;D:\code\apache-maven-3.6.1\mvn_resp\io\netty\netty-common\4.1.59.Final\netty-common-4.1.59.Final.jar;D:\code\apache-maven-3.6.1\mvn_resp\io\netty\netty-handler\4.1.59.Final\netty-handler-4.1.59.Final.jar;D:\code\apache-maven-3.6.1\mvn_resp\io\netty\netty-resolver\4.1.59.Final\netty-resolver-4.1.59.Final.jar;D:\code\apache-maven-3.6.1\mvn_resp\io\netty\netty-buffer\4.1.59.Final\netty-buffer-4.1.59.Final.jar;D:\code\apache-maven-3.6.1\mvn_resp\io\netty\netty-codec\4.1.59.Final\netty-codec-4.1.59.Final.jar;D:\code\apache-maven-3.6.1\mvn_resp\io\netty\netty-transport\4.1.59.Final\netty-transport-4.1.59.Final.jar;D:\code\apache-maven-3.6.1\mvn_resp\io\projectreactor\reactor-core\3.3.14.RELEASE\reactor-core-3.3.14.RELEASE.jar;D:\code\apache-maven-3.6.1\mvn_resp\org\reactivestreams\reactive-streams\1.0.3\reactive-streams-1.0.3.jar;D:\code\apache-maven-3.6.1\mvn_resp\org\projectlombok\lombok\1.18.20\lombok-1.18.20.jar;D:\code\apache-maven-3.6.1\mvn_resp\org\springframework\boot\spring-boot-starter-test\2.3.9.RELEASE\spring-boot-starter-test-2.3.9.RELEASE.jar;D:\code\apache-maven-3.6.1\mvn_resp\org\springframework\boot\spring-boot-test\2.3.9.RELEASE\spring-boot-test-2.3.9.RELEASE.jar;D:\code\apache-maven-3.6.1\mvn_resp\org\springframework\boot\spring-boot-test-autoconfigure\2.3.9.RELEASE\spring-boot-test-autoconfigure-2.3.9.RELEASE.jar;D:\code\apache-maven-3.6.1\mvn_resp\com\jayway\jsonpath\json-path\2.4.0\json-path-2.4.0.jar;D:\code\apache-maven-3.6.1\mvn_resp\net\minidev\json-smart\2.3\json-smart-2.3.jar;D:\code\apache-maven-3.6.1\mvn_resp\net\minidev\accessors-smart\1.2\accessors-smart-1.2.jar;D:\code\apache-maven-3.6.1\mvn_resp\org\ow2\asm\asm\5.0.4\asm-5.0.4.jar;D:\code\apache-maven-3.6.1\mvn_resp\jakarta\xml\bind\jakarta.xml.bind-api\2.3.3\jakarta.xml.bind-api-2.3.3.jar;D:\code\apache-maven-3.6.1\mvn_resp\jakarta\activation\jakarta.activation-api\1.2.2\jakarta.activation-api-1.2.2.jar;D:\code\apache-maven-3.6.1\mvn_resp\org\assertj\assertj-core\3.16.1\assertj-core-3.16.1.jar;D:\code\apache-maven-3.6.1\mvn_resp\org\hamcrest\hamcrest\2.2\hamcrest-2.2.jar;D:\code\apache-maven-3.6.1\mvn_resp\org\junit\jupiter\junit-jupiter\5.6.3\junit-jupiter-5.6.3.jar;D:\code\apache-maven-3.6.1\mvn_resp\org\junit\jupiter\junit-jupiter-api\5.6.3\junit-jupiter-api-5.6.3.jar;D:\code\apache-maven-3.6.1\mvn_resp\org\apiguardian\apiguardian-api\1.1.0\apiguardian-api-1.1.0.jar;D:\code\apache-maven-3.6.1\mvn_resp\org\opentest4j\opentest4j\1.2.0\opentest4j-1.2.0.jar;D:\code\apache-maven-3.6.1\mvn_resp\org\junit\platform\junit-platform-commons\1.6.3\junit-platform-commons-1.6.3.jar;D:\code\apache-maven-3.6.1\mvn_resp\org\junit\jupiter\junit-jupiter-params\5.6.3\junit-jupiter-params-5.6.3.jar;D:\code\apache-maven-3.6.1\mvn_resp\org\junit\jupiter\junit-jupiter-engine\5.6.3\junit-jupiter-engine-5.6.3.jar;D:\code\apache-maven-3.6.1\mvn_resp\org\junit\platform\junit-platform-engine\1.6.3\junit-platform-engine-1.6.3.jar;D:\code\apache-maven-3.6.1\mvn_resp\org\mockito\mockito-core\3.3.3\mockito-core-3.3.3.jar;D:\code\apache-maven-3.6.1\mvn_resp\net\bytebuddy\byte-buddy\1.10.20\byte-buddy-1.10.20.jar;D:\code\apache-maven-3.6.1\mvn_resp\net\bytebuddy\byte-buddy-agent\1.10.20\byte-buddy-agent-1.10.20.jar;D:\code\apache-maven-3.6.1\mvn_resp\org\objenesis\objenesis\2.6\objenesis-2.6.jar;D:\code\apache-maven-3.6.1\mvn_resp\org\mockito\mockito-junit-jupiter\3.3.3\mockito-junit-jupiter-3.3.3.jar;D:\code\apache-maven-3.6.1\mvn_resp\org\skyscreamer\jsonassert\1.5.0\jsonassert-1.5.0.jar;D:\code\apache-maven-3.6.1\mvn_resp\com\vaadin\external\google\android-json\0.0.20131108.vaadin1\android-json-0.0.20131108.vaadin1.jar;D:\code\apache-maven-3.6.1\mvn_resp\org\springframework\spring-core\5.2.13.RELEASE\spring-core-5.2.13.RELEASE.jar;D:\code\apache-maven-3.6.1\mvn_resp\org\springframework\spring-jcl\5.2.13.RELEASE\spring-jcl-5.2.13.RELEASE.jar;D:\code\apache-maven-3.6.1\mvn_resp\org\springframework\spring-test\5.2.13.RELEASE\spring-test-5.2.13.RELEASE.jar;D:\code\apache-maven-3.6.1\mvn_resp\org\xmlunit\xmlunit-core\2.7.0\xmlunit-core-2.7.0.jar;"/>
    <property name="sun.cpu.endian" value="little"/>
    <property name="user.home" value="C:\Users\zhuozhuo"/>
    <property name="user.language" value="zh"/>
    <property name="java.specification.vendor" value="Oracle Corporation"/>
    <property name="java.version.date" value="2023-01-17"/>
    <property name="java.home" value="C:\Users\zhuozhuo\.jdks\openjdk-19.0.2"/>
    <property name="file.separator" value="\"/>
    <property name="basedir" value="D:\code\java\helloworld-demo"/>
    <property name="java.vm.compressedOopsMode" value="Zero based"/>
    <property name="line.separator" value="&#10;"/>
    <property name="java.vm.specification.vendor" value="Oracle Corporation"/>
    <property name="java.specification.name" value="Java Platform API Specification"/>
    <property name="surefire.real.class.path" value="C:\Users\zhuozhuo\AppData\Local\Temp\surefire14756101457911348325\surefirebooter4901999004497420355.jar"/>
    <property name="user.script" value=""/>
    <property name="sun.management.compiler" value="HotSpot 64-Bit Tiered Compilers"/>
    <property name="java.runtime.version" value="19.0.2+7-44"/>
    <property name="user.name" value="zhuozhuo"/>
    <property name="stdout.encoding" value="GBK"/>
    <property name="path.separator" value=";"/>
    <property name="os.version" value="10.0"/>
    <property name="java.runtime.name" value="OpenJDK Runtime Environment"/>
    <property name="file.encoding" value="UTF-8"/>
    <property name="java.vm.name" value="OpenJDK 64-Bit Server VM"/>
    <property name="localRepository" value="D:\code\apache-maven-3.6.1\mvn_resp"/>
    <property name="java.vendor.url.bug" value="https://bugreport.java.com/bugreport/"/>
    <property name="java.io.tmpdir" value="C:\Users\zhuozhuo\AppData\Local\Temp\"/>
    <property name="idea.version" value="2022.3.2"/>
    <property name="java.version" value="19.0.2"/>
    <property name="user.dir" value="D:\code\java\helloworld-demo"/>
    <property name="os.arch" value="amd64"/>
    <property name="java.vm.specification.name" value="Java Virtual Machine Specification"/>
    <property name="sun.os.patch.level" value=""/>
    <property name="native.encoding" value="GBK"/>
    <property name="java.library.path" value="C:\Users\zhuozhuo\.jdks\openjdk-19.0.2\bin;C:\Windows\Sun\Java\bin;C:\Windows\system32;C:\Windows;E:\VMware\bin\;C:\Program Files\Common Files\Oracle\Java\javapath;D:\code\CUDA11.1\bin;D:\code\CUDA11.1\libnvvp;C:\Program Files\NVIDIA GPU Computing Toolkit\CUDA\v10.2\bin;C:\Program Files\NVIDIA GPU Computing Toolkit\CUDA\v10.2\libnvvp;D:\code\CUDA10\bin;D:\code\CUDA10\libnvvp;D:\code\CUDAv10.1\bin;D:\code\CUDAv10.1\libnvvp;D:\code\CUDA\bin;D:\code\CUDA\libnvvp;C:\Windows\system32;C:\Windows;C:\Windows\System32\Wbem;C:\Windows\System32\WindowsPowerShell\v1.0\;C:\Windows\System32\OpenSSH\;C:\Program Files (x86)\NVIDIA Corporation\PhysX\Common;C:\Program Files\NVIDIA Corporation\NVIDIA NvDLISR;$python_HOME$;D:\code\matlab\bin;C:\Program Files\NVIDIA Corporation\Nsight Compute 2021.2.0\;D:\code\CUDA\lib\x64;D:\code\CUDA\bin;D:\code\CUDA\common\lib\x64;D:\code\CUDA\bin\win64;D:\code\CUDA\lib\x64;D:\code\CUDA\bin;D:\code\CUDA\common\lib\x64;D:\code\CUDA\bin\win64;D:\code\python\anaconda3;D:\code\python\anaconda3\Scripts;D:\code\python\Graphviz\bin;E:\SSPS\JRE\bin;C:\Program Files (x86)\Calibre2\;D:\Software\Git\cmd;C:\Program Files (x86)\Microsoft Visual Studio\2019\BuildTools\VC\Tools\MSVC\14.29.30133\bin\Hostx86\x64;C:\Program Files\NVIDIA Corporation\Nsight Compute 2019.5.0\;D:\code\mySQL\mysql-5.7.24-winx64\bin;D:\code\apache-maven-3.6.1\bin;E:\software\xshell7\;E:\software\xftp7\;D:\code\python\python38\Scripts\;D:\code\python\python38\;C:\Users\zhuozhuo\AppData\Local\Microsoft\WindowsApps;C:\Program Files\Bandizip\;D:\code\python\pycharm\PyCharm 2021.2.2\bin;;D:\fpga\modelsim_ase\win32aloem;D:\code\vscode\Microsoft VS Code\bin;C:\JAVA\JDK-19\bin;;D:\code\IntelliJ IDEA Community Edition 2022.3.2\bin;;D:\code\IntelliJ IDEA 2022.3.2\bin;;."/>
    <property name="java.vm.info" value="mixed mode, sharing"/>
    <property name="stderr.encoding" value="GBK"/>
    <property name="java.vendor" value="Oracle Corporation"/>
    <property name="java.vm.version" value="19.0.2+7-44"/>
    <property name="sun.io.unicode.encoding" value="UnicodeLittle"/>
    <property name="maven.repo.local" value="D:\code\apache-maven-3.6.1\mvn_resp"/>
    <property name="java.class.version" value="63.0"/>
  </properties>
  <testcase name="contextLoads" classname="com.itheima.controller.RedisDemoApplicationTests" time="0.837">
    <error message="Unable to connect to Redis; nested exception is io.lettuce.core.RedisConnectionException: Unable to connect to localhost/&lt;unresolved&gt;:6379" type="org.springframework.data.redis.RedisConnectionFailureException"><![CDATA[org.springframework.data.redis.RedisConnectionFailureException: Unable to connect to Redis; nested exception is io.lettuce.core.RedisConnectionException: Unable to connect to localhost/<unresolved>:6379
	at com.itheima.controller.RedisDemoApplicationTests.contextLoads(RedisDemoApplicationTests.java:16)
Caused by: io.lettuce.core.RedisConnectionException: Unable to connect to localhost/<unresolved>:6379
	at com.itheima.controller.RedisDemoApplicationTests.contextLoads(RedisDemoApplicationTests.java:16)
Caused by: io.netty.channel.AbstractChannel$AnnotatedConnectException: Connection refused: no further information: localhost/127.0.0.1:6379
Caused by: java.net.ConnectException: Connection refused: no further information
]]></error>
    <system-out><![CDATA[15:29:32.605 [main] DEBUG org.springframework.test.context.BootstrapUtils - Instantiating CacheAwareContextLoaderDelegate from class [org.springframework.test.context.cache.DefaultCacheAwareContextLoaderDelegate]
15:29:32.614 [main] DEBUG org.springframework.test.context.BootstrapUtils - Instantiating BootstrapContext using constructor [public org.springframework.test.context.support.DefaultBootstrapContext(java.lang.Class,org.springframework.test.context.CacheAwareContextLoaderDelegate)]
15:29:32.643 [main] DEBUG org.springframework.test.context.BootstrapUtils - Instantiating TestContextBootstrapper for test class [com.itheima.controller.RedisDemoApplicationTests] from class [org.springframework.boot.test.context.SpringBootTestContextBootstrapper]
15:29:32.655 [main] INFO org.springframework.boot.test.context.SpringBootTestContextBootstrapper - Neither @ContextConfiguration nor @ContextHierarchy found for test class [com.itheima.controller.RedisDemoApplicationTests], using SpringBootContextLoader
15:29:32.658 [main] DEBUG org.springframework.test.context.support.AbstractContextLoader - Did not detect default resource location for test class [com.itheima.controller.RedisDemoApplicationTests]: class path resource [com/itheima/controller/RedisDemoApplicationTests-context.xml] does not exist
15:29:32.659 [main] DEBUG org.springframework.test.context.support.AbstractContextLoader - Did not detect default resource location for test class [com.itheima.controller.RedisDemoApplicationTests]: class path resource [com/itheima/controller/RedisDemoApplicationTestsContext.groovy] does not exist
15:29:32.659 [main] INFO org.springframework.test.context.support.AbstractContextLoader - Could not detect default resource locations for test class [com.itheima.controller.RedisDemoApplicationTests]: no resource found for suffixes {-context.xml, Context.groovy}.
15:29:32.659 [main] INFO org.springframework.test.context.support.AnnotationConfigContextLoaderUtils - Could not detect default configuration classes for test class [com.itheima.controller.RedisDemoApplicationTests]: RedisDemoApplicationTests does not declare any static, non-private, non-final, nested classes annotated with @Configuration.
15:29:32.691 [main] DEBUG org.springframework.test.context.support.ActiveProfilesUtils - Could not find an 'annotation declaring class' for annotation type [org.springframework.test.context.ActiveProfiles] and class [com.itheima.controller.RedisDemoApplicationTests]
15:29:32.770 [main] DEBUG org.springframework.context.annotation.ClassPathScanningCandidateComponentProvider - Identified candidate component class: file [D:\code\java\helloworld-demo\target\classes\com\itheima\HelloApplication.class]
15:29:32.771 [main] INFO org.springframework.boot.test.context.SpringBootTestContextBootstrapper - Found @SpringBootConfiguration com.itheima.HelloApplication for test class com.itheima.controller.RedisDemoApplicationTests
15:29:32.882 [main] DEBUG org.springframework.boot.test.context.SpringBootTestContextBootstrapper - @TestExecutionListeners is not present for class [com.itheima.controller.RedisDemoApplicationTests]: using defaults.
15:29:32.882 [main] INFO org.springframework.boot.test.context.SpringBootTestContextBootstrapper - Loaded default TestExecutionListener class names from location [META-INF/spring.factories]: [org.springframework.boot.test.mock.mockito.MockitoTestExecutionListener, org.springframework.boot.test.mock.mockito.ResetMocksTestExecutionListener, org.springframework.boot.test.autoconfigure.restdocs.RestDocsTestExecutionListener, org.springframework.boot.test.autoconfigure.web.client.MockRestServiceServerResetTestExecutionListener, org.springframework.boot.test.autoconfigure.web.servlet.MockMvcPrintOnlyOnFailureTestExecutionListener, org.springframework.boot.test.autoconfigure.web.servlet.WebDriverTestExecutionListener, org.springframework.boot.test.autoconfigure.webservices.client.MockWebServiceServerTestExecutionListener, org.springframework.test.context.web.ServletTestExecutionListener, org.springframework.test.context.support.DirtiesContextBeforeModesTestExecutionListener, org.springframework.test.context.support.DependencyInjectionTestExecutionListener, org.springframework.test.context.support.DirtiesContextTestExecutionListener, org.springframework.test.context.transaction.TransactionalTestExecutionListener, org.springframework.test.context.jdbc.SqlScriptsTestExecutionListener, org.springframework.test.context.event.EventPublishingTestExecutionListener]
15:29:32.897 [main] INFO org.springframework.boot.test.context.SpringBootTestContextBootstrapper - Using TestExecutionListeners: [org.springframework.test.context.web.ServletTestExecutionListener@282cb7c7, org.springframework.test.context.support.DirtiesContextBeforeModesTestExecutionListener@7d898981, org.springframework.boot.test.mock.mockito.MockitoTestExecutionListener@48d61b48, org.springframework.boot.test.autoconfigure.SpringBootDependencyInjectionTestExecutionListener@68d279ec, org.springframework.test.context.support.DirtiesContextTestExecutionListener@258d79be, org.springframework.test.context.transaction.TransactionalTestExecutionListener@14f9390f, org.springframework.test.context.jdbc.SqlScriptsTestExecutionListener@6c0d7c83, org.springframework.test.context.event.EventPublishingTestExecutionListener@176b75f7, org.springframework.boot.test.mock.mockito.ResetMocksTestExecutionListener@5965be2d, org.springframework.boot.test.autoconfigure.restdocs.RestDocsTestExecutionListener@409c54f, org.springframework.boot.test.autoconfigure.web.client.MockRestServiceServerResetTestExecutionListener@3e74829, org.springframework.boot.test.autoconfigure.web.servlet.MockMvcPrintOnlyOnFailureTestExecutionListener@4f6f416f, org.springframework.boot.test.autoconfigure.web.servlet.WebDriverTestExecutionListener@3b8f0a79, org.springframework.boot.test.autoconfigure.webservices.client.MockWebServiceServerTestExecutionListener@71e693fa]
15:29:32.901 [main] DEBUG org.springframework.test.context.support.AbstractDirtiesContextTestExecutionListener - Before test class: context [DefaultTestContext@4e423aa2 testClass = RedisDemoApplicationTests, testInstance = [null], testMethod = [null], testException = [null], mergedContextConfiguration = [WebMergedContextConfiguration@7fbdb894 testClass = RedisDemoApplicationTests, locations = '{}', classes = '{class com.itheima.HelloApplication}', contextInitializerClasses = '[]', activeProfiles = '{}', propertySourceLocations = '{}', propertySourceProperties = '{org.springframework.boot.test.context.SpringBootTestContextBootstrapper=true}', contextCustomizers = set[org.springframework.boot.test.context.filter.ExcludeFilterContextCustomizer@1bb266b3, org.springframework.boot.test.json.DuplicateJsonObjectContextCustomizerFactory$DuplicateJsonObjectContextCustomizer@5136d012, org.springframework.boot.test.mock.mockito.MockitoContextCustomizer@0, org.springframework.boot.test.web.client.TestRestTemplateContextCustomizer@1f97cf0d, org.springframework.boot.test.autoconfigure.properties.PropertyMappingContextCustomizer@0, org.springframework.boot.test.autoconfigure.web.servlet.WebDriverContextCustomizerFactory$Customizer@be35cd9, org.springframework.boot.test.context.SpringBootTestArgs@1, org.springframework.boot.test.context.SpringBootTestWebEnvironment@34c4973], resourceBasePath = 'src/main/webapp', contextLoader = 'org.springframework.boot.test.context.SpringBootContextLoader', parent = [null]], attributes = map['org.springframework.test.context.web.ServletTestExecutionListener.activateListener' -> true]], class annotated with @DirtiesContext [false] with mode [null].
15:29:32.931 [main] DEBUG org.springframework.test.context.support.TestPropertySourceUtils - Adding inlined properties to environment: {spring.jmx.enabled=false, org.springframework.boot.test.context.SpringBootTestContextBootstrapper=true}

  .   ____          _            __ _ _
 /\\ / ___'_ __ _ _(_)_ __  __ _ \ \ \ \
( ( )\___ | '_ | '_| | '_ \/ _` | \ \ \ \
 \\/  ___)| |_)| | | | | || (_| |  ) ) ) )
  '  |____| .__|_| |_|_| |_\__, | / / / /
 =========|_|==============|___/=/_/_/_/
 :: Spring Boot ::        (v2.3.9.RELEASE)

2023-03-22 15:29:33.216  INFO 22704 --- [           main] c.i.c.RedisDemoApplicationTests          : Starting RedisDemoApplicationTests on LAPTOP-88F78NFA with PID 22704 (started by zhuozhuo in D:\code\java\helloworld-demo)
2023-03-22 15:29:33.217  INFO 22704 --- [           main] c.i.c.RedisDemoApplicationTests          : No active profile set, falling back to default profiles: default
2023-03-22 15:29:33.749  INFO 22704 --- [           main] .s.d.r.c.RepositoryConfigurationDelegate : Multiple Spring Data modules found, entering strict repository configuration mode!
2023-03-22 15:29:33.753  INFO 22704 --- [           main] .s.d.r.c.RepositoryConfigurationDelegate : Bootstrapping Spring Data Redis repositories in DEFAULT mode.
2023-03-22 15:29:33.781  INFO 22704 --- [           main] .s.d.r.c.RepositoryConfigurationDelegate : Finished Spring Data repository scanning in 11ms. Found 0 Redis repository interfaces.
2023-03-22 15:29:34.536  INFO 22704 --- [           main] o.s.s.concurrent.ThreadPoolTaskExecutor  : Initializing ExecutorService 'applicationTaskExecutor'
2023-03-22 15:29:34.727 DEBUG 22704 --- [           main] i.l.c.resource.DefaultClientResources    : -Dio.netty.eventLoopThreads: 16
2023-03-22 15:29:34.733 DEBUG 22704 --- [           main] i.l.c.r.DefaultEventLoopGroupProvider    : Creating executor io.netty.util.concurrent.DefaultEventExecutorGroup
2023-03-22 15:29:34.819 DEBUG 22704 --- [           main] i.l.c.resource.DefaultClientResources    : LatencyUtils/HdrUtils are not available, metrics are disabled
2023-03-22 15:29:35.174  INFO 22704 --- [           main] c.i.c.RedisDemoApplicationTests          : Started RedisDemoApplicationTests in 2.233 seconds (JVM running for 3.186)
2023-03-22 15:29:35.493 DEBUG 22704 --- [           main] io.lettuce.core.RedisClient              : Trying to get a Redis connection for: RedisURI [host='localhost', port=6379]
2023-03-22 15:29:35.579 DEBUG 22704 --- [           main] io.lettuce.core.EpollProvider            : Starting without optional epoll library
2023-03-22 15:29:35.580 DEBUG 22704 --- [           main] io.lettuce.core.KqueueProvider           : Starting without optional kqueue library
2023-03-22 15:29:35.582 DEBUG 22704 --- [           main] i.l.c.r.DefaultEventLoopGroupProvider    : Allocating executor io.netty.channel.nio.NioEventLoopGroup
2023-03-22 15:29:35.582 DEBUG 22704 --- [           main] i.l.c.r.DefaultEventLoopGroupProvider    : Creating executor io.netty.channel.nio.NioEventLoopGroup
2023-03-22 15:29:35.810 DEBUG 22704 --- [           main] i.l.c.r.DefaultEventLoopGroupProvider    : Adding reference to io.netty.channel.nio.NioEventLoopGroup@31b741e2, existing ref count 0
2023-03-22 15:29:35.821 DEBUG 22704 --- [           main] io.lettuce.core.RedisClient              : Resolved SocketAddress localhost/<unresolved>:6379 using RedisURI [host='localhost', port=6379]
2023-03-22 15:29:35.822 DEBUG 22704 --- [           main] io.lettuce.core.RedisClient              : Connecting to Redis at localhost/<unresolved>:6379
2023-03-22 15:29:36.007 DEBUG 22704 --- [ioEventLoop-4-1] io.lettuce.core.protocol.CommandHandler  : [channel=0x489ac4e5, [id: 0xa568b33b] (inactive), chid=0x1] channelRegistered()
2023-03-22 15:29:36.015 DEBUG 22704 --- [ioEventLoop-4-1] io.lettuce.core.RedisClient              : Connecting to Redis at localhost/<unresolved>:6379: localhost/<unresolved>:6379

io.netty.channel.AbstractChannel$AnnotatedConnectException: Connection refused: no further information: localhost/127.0.0.1:6379
Caused by: java.net.ConnectException: Connection refused: no further information
	at java.base/sun.nio.ch.Net.pollConnect(Native Method) ~[na:na]
	at java.base/sun.nio.ch.Net.pollConnectNow(Net.java:672) ~[na:na]
	at java.base/sun.nio.ch.SocketChannelImpl.finishConnect(SocketChannelImpl.java:973) ~[na:na]
	at io.netty.channel.socket.nio.NioSocketChannel.doFinishConnect(NioSocketChannel.java:330) ~[netty-transport-4.1.59.Final.jar:4.1.59.Final]
	at io.netty.channel.nio.AbstractNioChannel$AbstractNioUnsafe.finishConnect(AbstractNioChannel.java:334) ~[netty-transport-4.1.59.Final.jar:4.1.59.Final]
	at io.netty.channel.nio.NioEventLoop.processSelectedKey(NioEventLoop.java:707) ~[netty-transport-4.1.59.Final.jar:4.1.59.Final]
	at io.netty.channel.nio.NioEventLoop.processSelectedKeysOptimized(NioEventLoop.java:655) ~[netty-transport-4.1.59.Final.jar:4.1.59.Final]
	at io.netty.channel.nio.NioEventLoop.processSelectedKeys(NioEventLoop.java:581) ~[netty-transport-4.1.59.Final.jar:4.1.59.Final]
	at io.netty.channel.nio.NioEventLoop.run(NioEventLoop.java:493) ~[netty-transport-4.1.59.Final.jar:4.1.59.Final]
	at io.netty.util.concurrent.SingleThreadEventExecutor$4.run(SingleThreadEventExecutor.java:989) ~[netty-common-4.1.59.Final.jar:4.1.59.Final]
	at io.netty.util.internal.ThreadExecutorMap$2.run(ThreadExecutorMap.java:74) ~[netty-common-4.1.59.Final.jar:4.1.59.Final]
	at io.netty.util.concurrent.FastThreadLocalRunnable.run(FastThreadLocalRunnable.java:30) ~[netty-common-4.1.59.Final.jar:4.1.59.Final]
	at java.base/java.lang.Thread.run(Thread.java:1589) ~[na:na]

2023-03-22 15:29:36.016 DEBUG 22704 --- [ioEventLoop-4-1] io.lettuce.core.RedisChannelHandler      : close()
2023-03-22 15:29:36.016 DEBUG 22704 --- [ioEventLoop-4-1] io.lettuce.core.RedisChannelHandler      : closeAsync()
2023-03-22 15:29:36.016 DEBUG 22704 --- [ioEventLoop-4-1] i.lettuce.core.protocol.DefaultEndpoint  : [unknown, epid=0x1] closeAsync()
2023-03-22 15:29:36.017 DEBUG 22704 --- [ioEventLoop-4-1] io.lettuce.core.protocol.CommandHandler  : [channel=0x489ac4e5, [id: 0xa568b33b] (inactive), chid=0x1] channelUnregistered()
]]></system-out>
  </testcase>
</testsuite>